This is pdfTeX, Version 3.1415926-2.5-1.40.14 (TeX Live 2013) (format=pdflatex 2013.5.30)  14 JUL 2014 12:23
entering extended mode
 restricted \write18 enabled.
 file:line:error style messages enabled.
 %&-line parsing enabled.
**plot_grid.tex
(./plot_grid.tex
LaTeX2e <2011/06/27>
Babel <3.9f> and hyphenation patterns for 78 languages loaded.
(/usr/local/texlive/2013/texmf-dist/tex/latex/base/article.cls
Document Class: article 2007/10/19 v1.4h Standard LaTeX document class
(/usr/local/texlive/2013/texmf-dist/tex/latex/base/size10.clo
File: size10.clo 2007/10/19 v1.4h Standard LaTeX file (size option)
)
\c@part=\count79
\c@section=\count80
\c@subsection=\count81
\c@subsubsection=\count82
\c@paragraph=\count83
\c@subparagraph=\count84
\c@figure=\count85
\c@table=\count86
\abovecaptionskip=\skip41
\belowcaptionskip=\skip42
\bibindent=\dimen102
)
(/usr/local/texlive/2013/texmf-dist/tex/latex/graphics/graphicx.sty
Package: graphicx 1999/02/16 v1.0f Enhanced LaTeX Graphics (DPC,SPQR)

(/usr/local/texlive/2013/texmf-dist/tex/latex/graphics/keyval.sty
Package: keyval 1999/03/16 v1.13 key=value parser (DPC)
\KV@toks@=\toks14
)
(/usr/local/texlive/2013/texmf-dist/tex/latex/graphics/graphics.sty
Package: graphics 2009/02/05 v1.0o Standard LaTeX Graphics (DPC,SPQR)

(/usr/local/texlive/2013/texmf-dist/tex/latex/graphics/trig.sty
Package: trig 1999/03/16 v1.09 sin cos tan (DPC)
)
(/usr/local/texlive/2013/texmf-dist/tex/latex/latexconfig/graphics.cfg
File: graphics.cfg 2010/04/23 v1.9 graphics configuration of TeX Live
)
Package graphics Info: Driver file: pdftex.def on input line 91.

(/usr/local/texlive/2013/texmf-dist/tex/latex/pdftex-def/pdftex.def
File: pdftex.def 2011/05/27 v0.06d Graphics/color for pdfTeX

(/usr/local/texlive/2013/texmf-dist/tex/generic/oberdiek/infwarerr.sty
Package: infwarerr 2010/04/08 v1.3 Providing info/warning/error messages (HO)
)
(/usr/local/texlive/2013/texmf-dist/tex/generic/oberdiek/ltxcmds.sty
Package: ltxcmds 2011/11/09 v1.22 LaTeX kernel commands for general use (HO)
)
\Gread@gobject=\count87
))
\Gin@req@height=\dimen103
\Gin@req@width=\dimen104
)
(/usr/local/texlive/2013/texmf-dist/tex/latex/rotating/rotating.sty
Package: rotating 2009/03/28 v2.16a rotated objects in LaTeX

(/usr/local/texlive/2013/texmf-dist/tex/latex/base/ifthen.sty
Package: ifthen 2001/05/26 v1.1c Standard LaTeX ifthen package (DPC)
)
\c@r@tfl@t=\count88
\rotFPtop=\skip43
\rotFPbot=\skip44
\rot@float@box=\box26
\rot@mess@toks=\toks15
)
(/usr/local/texlive/2013/texmf-dist/tex/latex/geometry/geometry.sty
Package: geometry 2010/09/12 v5.6 Page Geometry

(/usr/local/texlive/2013/texmf-dist/tex/generic/oberdiek/ifpdf.sty
Package: ifpdf 2011/01/30 v2.3 Provides the ifpdf switch (HO)
Package ifpdf Info: pdfTeX in PDF mode is detected.
)
(/usr/local/texlive/2013/texmf-dist/tex/generic/oberdiek/ifvtex.sty
Package: ifvtex 2010/03/01 v1.5 Detect VTeX and its facilities (HO)
Package ifvtex Info: VTeX not detected.
)
(/usr/local/texlive/2013/texmf-dist/tex/generic/ifxetex/ifxetex.sty
Package: ifxetex 2010/09/12 v0.6 Provides ifxetex conditional
)
\Gm@cnth=\count89
\Gm@cntv=\count90
\c@Gm@tempcnt=\count91
\Gm@bindingoffset=\dimen105
\Gm@wd@mp=\dimen106
\Gm@odd@mp=\dimen107
\Gm@even@mp=\dimen108
\Gm@layoutwidth=\dimen109
\Gm@layoutheight=\dimen110
\Gm@layouthoffset=\dimen111
\Gm@layoutvoffset=\dimen112
\Gm@dimlist=\toks16
)
No file plot_grid.aux.
\openout1 = `plot_grid.aux'.

LaTeX Font Info:    Checking defaults for OML/cmm/m/it on input line 5.
LaTeX Font Info:    ... okay on input line 5.
LaTeX Font Info:    Checking defaults for T1/cmr/m/n on input line 5.
LaTeX Font Info:    ... okay on input line 5.
LaTeX Font Info:    Checking defaults for OT1/cmr/m/n on input line 5.
LaTeX Font Info:    ... okay on input line 5.
LaTeX Font Info:    Checking defaults for OMS/cmsy/m/n on input line 5.
LaTeX Font Info:    ... okay on input line 5.
LaTeX Font Info:    Checking defaults for OMX/cmex/m/n on input line 5.
LaTeX Font Info:    ... okay on input line 5.
LaTeX Font Info:    Checking defaults for U/cmr/m/n on input line 5.
LaTeX Font Info:    ... okay on input line 5.
(/usr/local/texlive/2013/texmf-dist/tex/context/base/supp-pdf.mkii
[Loading MPS to PDF converter (version 2006.09.02).]
\scratchcounter=\count92
\scratchdimen=\dimen113
\scratchbox=\box27
\nofMPsegments=\count93
\nofMParguments=\count94
\everyMPshowfont=\toks17
\MPscratchCnt=\count95
\MPscratchDim=\dimen114
\MPnumerator=\count96
\makeMPintoPDFobject=\count97
\everyMPtoPDFconversion=\toks18
) (/usr/local/texlive/2013/texmf-dist/tex/generic/oberdiek/pdftexcmds.sty
Package: pdftexcmds 2011/11/29 v0.20 Utility functions of pdfTeX for LuaTeX (HO
)

(/usr/local/texlive/2013/texmf-dist/tex/generic/oberdiek/ifluatex.sty
Package: ifluatex 2010/03/01 v1.3 Provides the ifluatex switch (HO)
Package ifluatex Info: LuaTeX not detected.
)
Package pdftexcmds Info: LuaTeX not detected.
Package pdftexcmds Info: \pdf@primitive is available.
Package pdftexcmds Info: \pdf@ifprimitive is available.
Package pdftexcmds Info: \pdfdraftmode found.
)
(/usr/local/texlive/2013/texmf-dist/tex/latex/oberdiek/epstopdf-base.sty
Package: epstopdf-base 2010/02/09 v2.5 Base part for package epstopdf

(/usr/local/texlive/2013/texmf-dist/tex/latex/oberdiek/grfext.sty
Package: grfext 2010/08/19 v1.1 Manage graphics extensions (HO)

(/usr/local/texlive/2013/texmf-dist/tex/generic/oberdiek/kvdefinekeys.sty
Package: kvdefinekeys 2011/04/07 v1.3 Define keys (HO)
))
(/usr/local/texlive/2013/texmf-dist/tex/latex/oberdiek/kvoptions.sty
Package: kvoptions 2011/06/30 v3.11 Key value format for package options (HO)

(/usr/local/texlive/2013/texmf-dist/tex/generic/oberdiek/kvsetkeys.sty
Package: kvsetkeys 2012/04/25 v1.16 Key value parser (HO)

(/usr/local/texlive/2013/texmf-dist/tex/generic/oberdiek/etexcmds.sty
Package: etexcmds 2011/02/16 v1.5 Avoid name clashes with e-TeX commands (HO)
Package etexcmds Info: Could not find \expanded.
(etexcmds)             That can mean that you are not using pdfTeX 1.50 or
(etexcmds)             that some package has redefined \expanded.
(etexcmds)             In the latter case, load this package earlier.
)))
Package grfext Info: Graphics extension search list:
(grfext)             [.png,.pdf,.jpg,.mps,.jpeg,.jbig2,.jb2,.PNG,.PDF,.JPG,.JPE
G,.JBIG2,.JB2,.eps]
(grfext)             \AppendGraphicsExtensions on input line 452.

(/usr/local/texlive/2013/texmf-dist/tex/latex/latexconfig/epstopdf-sys.cfg
File: epstopdf-sys.cfg 2010/07/13 v1.3 Configuration of (r)epstopdf for TeX Liv
e
))
*geometry* driver: auto-detecting
*geometry* detected driver: pdftex
*geometry* verbose mode - [ preamble ] result:
* driver: pdftex
* paper: <default>
* layout: <same size as paper>
* layoutoffset:(h,v)=(0.0pt,0.0pt)
* modes: 
* h-part:(L,W,R)=(7.22743pt, 592.6138pt, 14.45377pt)
* v-part:(T,H,B)=(7.22743pt, 787.74255pt, 0.0pt)
* \paperwidth=614.295pt
* \paperheight=794.96999pt
* \textwidth=592.6138pt
* \textheight=787.74255pt
* \oddsidemargin=-65.04256pt
* \evensidemargin=-65.04256pt
* \topmargin=-102.04256pt
* \headheight=12.0pt
* \headsep=25.0pt
* \topskip=10.0pt
* \footskip=30.0pt
* \marginparwidth=65.0pt
* \marginparsep=11.0pt
* \columnsep=10.0pt
* \skip\footins=9.0pt plus 4.0pt minus 2.0pt
* \hoffset=0.0pt
* \voffset=0.0pt
* \mag=1000
* \@twocolumnfalse
* \@twosidefalse
* \@mparswitchfalse
* \@reversemarginfalse
* (1in=72.27pt=25.4mm, 1cm=28.453pt)

LaTeX Font Info:    External font `cmex10' loaded for size
(Font)              <7> on input line 9.
LaTeX Font Info:    External font `cmex10' loaded for size
(Font)              <5> on input line 9.
<a001580.png, id=1, 578.16pt x 433.62pt>
File: a001580.png Graphic file (type png)
 <use a001580.png>
Package pdftex.def Info: a001580.png used on input line 11.
(pdftex.def)             Requested size: 296.3069pt x 222.22838pt.

<a003552.png, id=3, 578.16pt x 433.62pt>
File: a003552.png Graphic file (type png)
 <use a003552.png>
Package pdftex.def Info: a003552.png used on input line 11.
(pdftex.def)             Requested size: 296.3069pt x 222.22838pt.

<a007753.png, id=4, 578.16pt x 433.62pt>
File: a007753.png Graphic file (type png)
 <use a007753.png>
Package pdftex.def Info: a007753.png used on input line 11.
(pdftex.def)             Requested size: 296.3069pt x 222.22838pt.

<a011885.png, id=5, 578.16pt x 433.62pt>
File: a011885.png Graphic file (type png)
 <use a011885.png>
Package pdftex.def Info: a011885.png used on input line 11.
(pdftex.def)             Requested size: 296.3069pt x 222.22838pt.

<a017274.png, id=6, 578.16pt x 433.62pt>
File: a017274.png Graphic file (type png)
 <use a017274.png>
Package pdftex.def Info: a017274.png used on input line 11.
(pdftex.def)             Requested size: 296.3069pt x 222.22838pt.

<a026760.png, id=7, 578.16pt x 433.62pt>
File: a026760.png Graphic file (type png)
 <use a026760.png>
Package pdftex.def Info: a026760.png used on input line 11.
(pdftex.def)             Requested size: 296.3069pt x 222.22838pt.

Overfull \hbox (20.0pt too wide) in paragraph at lines 9--13
 []$ 
 []

<a052762.png, id=8, 578.16pt x 433.62pt>
File: a052762.png Graphic file (type png)
 <use a052762.png>
Package pdftex.def Info: a052762.png used on input line 19.
(pdftex.def)             Requested size: 296.3069pt x 222.22838pt.

<a053319.png, id=9, 578.16pt x 433.62pt>
File: a053319.png Graphic file (type png)
 <use a053319.png>
Package pdftex.def Info: a053319.png used on input line 19.
(pdftex.def)             Requested size: 296.3069pt x 222.22838pt.

<a065996.png, id=10, 578.16pt x 433.62pt>
File: a065996.png Graphic file (type png)
 <use a065996.png>
Package pdftex.def Info: a065996.png used on input line 19.
(pdftex.def)             Requested size: 296.3069pt x 222.22838pt.

<a085774.png, id=11, 578.16pt x 433.62pt>
File: a085774.png Graphic file (type png)
 <use a085774.png>
Package pdftex.def Info: a085774.png used on input line 19.
(pdftex.def)             Requested size: 296.3069pt x 222.22838pt.

<a090416.png, id=12, 578.16pt x 433.62pt>
File: a090416.png Graphic file (type png)
 <use a090416.png>
Package pdftex.def Info: a090416.png used on input line 19.
(pdftex.def)             Requested size: 296.3069pt x 222.22838pt.

<a096189.png, id=13, 578.16pt x 433.62pt>
File: a096189.png Graphic file (type png)
 <use a096189.png>
Package pdftex.def Info: a096189.png used on input line 19.
(pdftex.def)             Requested size: 296.3069pt x 222.22838pt.

Overfull \hbox (20.0pt too wide) in paragraph at lines 17--21
 []$ 
 []

<a139359.png, id=14, 578.16pt x 433.62pt>
File: a139359.png Graphic file (type png)
 <use a139359.png>
Package pdftex.def Info: a139359.png used on input line 27.
(pdftex.def)             Requested size: 296.3069pt x 222.22838pt.

<a153219.png, id=15, 578.16pt x 433.62pt>
File: a153219.png Graphic file (type png)
 <use a153219.png>
Package pdftex.def Info: a153219.png used on input line 27.
(pdftex.def)             Requested size: 296.3069pt x 222.22838pt.

<a153591.png, id=16, 578.16pt x 433.62pt>
File: a153591.png Graphic file (type png)
 <use a153591.png>
Package pdftex.def Info: a153591.png used on input line 27.
(pdftex.def)             Requested size: 296.3069pt x 222.22838pt.

<a170502.png, id=17, 578.16pt x 433.62pt>
File: a170502.png Graphic file (type png)
 <use a170502.png>
Package pdftex.def Info: a170502.png used on input line 27.
(pdftex.def)             Requested size: 296.3069pt x 222.22838pt.

<a170891.png, id=18, 578.16pt x 433.62pt>
File: a170891.png Graphic file (type png)
 <use a170891.png>
Package pdftex.def Info: a170891.png used on input line 27.
(pdftex.def)             Requested size: 296.3069pt x 222.22838pt.

<a175706.png, id=19, 578.16pt x 433.62pt>
File: a175706.png Graphic file (type png)
 <use a175706.png>
Package pdftex.def Info: a175706.png used on input line 27.
(pdftex.def)             Requested size: 296.3069pt x 222.22838pt.

Overfull \hbox (20.0pt too wide) in paragraph at lines 25--29
 []$ 
 []

<a234061.png, id=20, 578.16pt x 433.62pt>
File: a234061.png Graphic file (type png)
 <use a234061.png>
Package pdftex.def Info: a234061.png used on input line 35.
(pdftex.def)             Requested size: 296.3069pt x 222.22838pt.

<a256412.png, id=21, 578.16pt x 433.62pt>
File: a256412.png Graphic file (type png)
 <use a256412.png>
Package pdftex.def Info: a256412.png used on input line 35.
(pdftex.def)             Requested size: 296.3069pt x 222.22838pt.

<a275792.png, id=22, 578.16pt x 433.62pt>
File: a275792.png Graphic file (type png)
 <use a275792.png>
Package pdftex.def Info: a275792.png used on input line 35.
(pdftex.def)             Requested size: 296.3069pt x 222.22838pt.

<a285263.png, id=23, 578.16pt x 433.62pt>
File: a285263.png Graphic file (type png)
 <use a285263.png>
Package pdftex.def Info: a285263.png used on input line 35.
(pdftex.def)             Requested size: 296.3069pt x 222.22838pt.

<a307005.png, id=24, 578.16pt x 433.62pt>
File: a307005.png Graphic file (type png)
 <use a307005.png>
Package pdftex.def Info: a307005.png used on input line 35.
(pdftex.def)             Requested size: 296.3069pt x 222.22838pt.

<a308635.png, id=25, 578.16pt x 433.62pt>
File: a308635.png Graphic file (type png)
 <use a308635.png>
Package pdftex.def Info: a308635.png used on input line 35.
(pdftex.def)             Requested size: 296.3069pt x 222.22838pt.

Overfull \hbox (20.0pt too wide) in paragraph at lines 33--37
 []$ 
 []

<a326732.png, id=26, 578.16pt x 433.62pt>
File: a326732.png Graphic file (type png)
 <use a326732.png>
Package pdftex.def Info: a326732.png used on input line 43.
(pdftex.def)             Requested size: 296.3069pt x 222.22838pt.

<a329291.png, id=27, 578.16pt x 433.62pt>
File: a329291.png Graphic file (type png)
 <use a329291.png>
Package pdftex.def Info: a329291.png used on input line 43.
(pdftex.def)             Requested size: 296.3069pt x 222.22838pt.

<a354030.png, id=28, 578.16pt x 433.62pt>
File: a354030.png Graphic file (type png)
 <use a354030.png>
Package pdftex.def Info: a354030.png used on input line 43.
(pdftex.def)             Requested size: 296.3069pt x 222.22838pt.

<a363505.png, id=29, 578.16pt x 433.62pt>
File: a363505.png Graphic file (type png)
 <use a363505.png>
Package pdftex.def Info: a363505.png used on input line 43.
(pdftex.def)             Requested size: 296.3069pt x 222.22838pt.

<au2002EX12.png, id=30, 578.16pt x 433.62pt>
File: au2002EX12.png Graphic file (type png)
 <use au2002EX12.png>
Package pdftex.def Info: au2002EX12.png used on input line 43.
(pdftex.def)             Requested size: 296.3069pt x 222.22838pt.

<au2002NX18.png, id=31, 578.16pt x 433.62pt>
File: au2002NX18.png Graphic file (type png)
 <use au2002NX18.png>
Package pdftex.def Info: au2002NX18.png used on input line 43.
(pdftex.def)             Requested size: 296.3069pt x 222.22838pt.

Overfull \hbox (20.0pt too wide) in paragraph at lines 41--45
 []$ 
 []

<au2004TU12.png, id=32, 578.16pt x 433.62pt>
File: au2004TU12.png Graphic file (type png)
 <use au2004TU12.png>
Package pdftex.def Info: au2004TU12.png used on input line 51.
(pdftex.def)             Requested size: 296.3069pt x 222.22838pt.

<au2004YZ23.png, id=33, 578.16pt x 433.62pt>
File: au2004YZ23.png Graphic file (type png)
 <use au2004YZ23.png>
Package pdftex.def Info: au2004YZ23.png used on input line 51.
(pdftex.def)             Requested size: 296.3069pt x 222.22838pt.

<au2005AB.png, id=34, 578.16pt x 433.62pt>
File: au2005AB.png Graphic file (type png)
 <use au2005AB.png>
Package pdftex.def Info: au2005AB.png used on input line 51.
(pdftex.def)             Requested size: 296.3069pt x 222.22838pt.

<au2005GO22.png, id=35, 578.16pt x 433.62pt>
File: au2005GO22.png Graphic file (type png)
 <use au2005GO22.png>
Package pdftex.def Info: au2005GO22.png used on input line 51.
(pdftex.def)             Requested size: 296.3069pt x 222.22838pt.

<au2005GR33.png, id=36, 578.16pt x 433.62pt>
File: au2005GR33.png Graphic file (type png)
 <use au2005GR33.png>
Package pdftex.def Info: au2005GR33.png used on input line 51.
(pdftex.def)             Requested size: 296.3069pt x 222.22838pt.

<au2005JB.png, id=37, 578.16pt x 433.62pt>
File: au2005JB.png Graphic file (type png)
 <use au2005JB.png>
Package pdftex.def Info: au2005JB.png used on input line 51.
(pdftex.def)             Requested size: 296.3069pt x 222.22838pt.

Overfull \hbox (20.0pt too wide) in paragraph at lines 49--53
 []$ 
 []

<au2006RZ.png, id=38, 578.16pt x 433.62pt>
File: au2006RZ.png Graphic file (type png)
 <use au2006RZ.png>
Package pdftex.def Info: au2006RZ.png used on input line 59.
(pdftex.def)             Requested size: 296.3069pt x 222.22838pt.

<au2006VY13.png, id=39, 578.16pt x 433.62pt>
File: au2006VY13.png Graphic file (type png)
 <use au2006VY13.png>
Package pdftex.def Info: au2006VY13.png used on input line 59.
(pdftex.def)             Requested size: 296.3069pt x 222.22838pt.

<au2007PF28.png, id=40, 578.16pt x 433.62pt>
File: au2007PF28.png Graphic file (type png)
 <use au2007PF28.png>
Package pdftex.def Info: au2007PF28.png used on input line 59.
(pdftex.def)             Requested size: 296.3069pt x 222.22838pt.

<au2008SV11.png, id=41, 578.16pt x 433.62pt>
File: au2008SV11.png Graphic file (type png)
 <use au2008SV11.png>
Package pdftex.def Info: au2008SV11.png used on input line 59.
(pdftex.def)             Requested size: 296.3069pt x 222.22838pt.

<au2008US4.png, id=42, 578.16pt x 433.62pt>
File: au2008US4.png Graphic file (type png)
 <use au2008US4.png>
Package pdftex.def Info: au2008US4.png used on input line 59.
(pdftex.def)             Requested size: 296.3069pt x 222.22838pt.

<au2009KC3.png, id=43, 578.16pt x 433.62pt>
File: au2009KC3.png Graphic file (type png)
 <use au2009KC3.png>
Package pdftex.def Info: au2009KC3.png used on input line 59.
(pdftex.def)             Requested size: 296.3069pt x 222.22838pt.

Overfull \hbox (20.0pt too wide) in paragraph at lines 57--61
 []$ 
 []

[1{/usr/local/texlive/2013/texmf-var/fonts/map/pdftex/updmap/pdftex.map} <./a00
1580.png> <./a003552.png> <./a007753.png> <./a011885.png> <./a017274.png> <./a0
26760.png>] [2 <./a052762.png> <./a053319.png> <./a065996.png> <./a085774.png> 
<./a090416.png> <./a096189.png>] [3 <./a139359.png> <./a153219.png> <./a153591.
png> <./a170502.png> <./a170891.png> <./a175706.png>] [4 <./a234061.png> <./a25
6412.png> <./a275792.png> <./a285263.png> <./a307005.png> <./a308635.png>]
[5 <./a326732.png> <./a329291.png> <./a354030.png> <./a363505.png> <./au2002EX1
2.png> <./au2002NX18.png>] [6 <./au2004TU12.png> <./au2004YZ23.png> <./au2005AB
.png> <./au2005GO22.png> <./au2005GR33.png> <./au2005JB.png>] [7 <./au2006RZ.pn
g> <./au2006VY13.png> <./au2007PF28.png> <./au2008SV11.png> <./au2008US4.png> <
./au2009KC3.png>] <au2011BE38.png, id=111, 578.16pt x 433.62pt>
File: au2011BE38.png Graphic file (type png)

<use au2011BE38.png>
Package pdftex.def Info: au2011BE38.png used on input line 71.
(pdftex.def)             Requested size: 296.3069pt x 222.22838pt.
 <au2011LC19.png, id=112, 578.16pt x 433.62pt>
File: au2011LC19.png Graphic file (type png)

<use au2011LC19.png>
Package pdftex.def Info: au2011LC19.png used on input line 71.
(pdftex.def)             Requested size: 296.3069pt x 222.22838pt.
 <au2011SR5.png, id=113, 578.16pt x 433.62pt>
File: au2011SR5.png Graphic file (type png)

<use au2011SR5.png>
Package pdftex.def Info: au2011SR5.png used on input line 71.
(pdftex.def)             Requested size: 296.3069pt x 222.22838pt.
 <au2012LZ1.png, id=114, 578.16pt x 433.62pt>
File: au2012LZ1.png Graphic file (type png)

<use au2012LZ1.png>
Package pdftex.def Info: au2012LZ1.png used on input line 71.
(pdftex.def)             Requested size: 296.3069pt x 222.22838pt.
 <au2012RM15.png, id=115, 578.16pt x 433.62pt>
File: au2012RM15.png Graphic file (type png)

<use au2012RM15.png>
Package pdftex.def Info: au2012RM15.png used on input line 71.
(pdftex.def)             Requested size: 296.3069pt x 222.22838pt.

Overfull \hbox (20.0pt too wide) in paragraph at lines 69--73
 []$ 
 []

[8 <./au2011BE38.png> <./au2011LC19.png> <./au2011SR5.png> <./au2012LZ1.png> <.
/au2012RM15.png>] (./plot_grid.aux) ) 
Here is how much of TeX's memory you used:
 2278 strings out of 493315
 33301 string characters out of 6137904
 99681 words of memory out of 5000000
 5689 multiletter control sequences out of 15000+600000
 3640 words of font info for 14 fonts, out of 8000000 for 9000
 957 hyphenation exceptions out of 8191
 38i,12n,23p,337b,344s stack positions out of 5000i,500n,10000p,200000b,80000s
</usr/local/texlive/2013/texmf-dist/fonts/
type1/public/amsfonts/cm/cmr10.pfb>
Output written on plot_grid.pdf (8 pages, 636468 bytes).
PDF statistics:
 130 PDF objects out of 1000 (max. 8388607)
 24 compressed objects within 1 object stream
 0 named destinations out of 1000 (max. 500000)
 236 words of extra memory for PDF output out of 10000 (max. 10000000)

